<?xml version="1.0" encoding="UTF-8"?>
<testsuite name="com.test.buy.api.ApiApplicationTests" tests="1" skipped="0" failures="0" errors="0" timestamp="2024-01-08T16:59:59" hostname="LULO-C02ZN75RMD6P.local" time="0.509">
  <properties/>
  <testcase name="contextLoads()" classname="com.test.buy.api.ApiApplicationTests" time="0.509"/>
  <system-out><![CDATA[11:59:55.521 [Test worker] INFO org.springframework.test.context.support.AnnotationConfigContextLoaderUtils -- Could not detect default configuration classes for test class [com.test.buy.api.ApiApplicationTests]: ApiApplicationTests does not declare any static, non-private, non-final, nested classes annotated with @Configuration.
11:59:55.633 [Test worker] INFO org.springframework.boot.test.context.SpringBootTestContextBootstrapper -- Found @SpringBootConfiguration com.test.buy.api.ApiApplication for test class com.test.buy.api.ApiApplicationTests

  .   ____          _            __ _ _
 /\\ / ___'_ __ _ _(_)_ __  __ _ \ \ \ \
( ( )\___ | '_ | '_| | '_ \/ _` | \ \ \ \
 \\/  ___)| |_)| | | | | || (_| |  ) ) ) )
  '  |____| .__|_| |_|_| |_\__, | / / / /
 =========|_|==============|___/=/_/_/_/
 :: Spring Boot ::                (v3.2.1)

2024-01-08T11:59:56.038-05:00  INFO 92830 --- [Api] [    Test worker] com.test.buy.api.ApiApplicationTests     : Starting ApiApplicationTests using Java 17.0.7 with PID 92830 (started by jborja in /Users/jborja/Downloads/api)
2024-01-08T11:59:56.039-05:00  INFO 92830 --- [Api] [    Test worker] com.test.buy.api.ApiApplicationTests     : No active profile set, falling back to 1 default profile: "default"
2024-01-08T11:59:56.826-05:00  INFO 92830 --- [Api] [    Test worker] .s.d.r.c.RepositoryConfigurationDelegate : Bootstrapping Spring Data JPA repositories in DEFAULT mode.
2024-01-08T11:59:56.890-05:00  INFO 92830 --- [Api] [    Test worker] .s.d.r.c.RepositoryConfigurationDelegate : Finished Spring Data repository scanning in 56 ms. Found 1 JPA repository interface.
2024-01-08T11:59:57.262-05:00  INFO 92830 --- [Api] [    Test worker] com.zaxxer.hikari.HikariDataSource       : HikariPool-1 - Starting...
2024-01-08T11:59:57.469-05:00  INFO 92830 --- [Api] [    Test worker] com.zaxxer.hikari.pool.HikariPool        : HikariPool-1 - Added connection conn0: url=jdbc:h2:mem:test user=SA
2024-01-08T11:59:57.471-05:00  INFO 92830 --- [Api] [    Test worker] com.zaxxer.hikari.HikariDataSource       : HikariPool-1 - Start completed.
2024-01-08T11:59:57.573-05:00  INFO 92830 --- [Api] [    Test worker] o.hibernate.jpa.internal.util.LogHelper  : HHH000204: Processing PersistenceUnitInfo [name: default]
2024-01-08T11:59:57.646-05:00  INFO 92830 --- [Api] [    Test worker] org.hibernate.Version                    : HHH000412: Hibernate ORM core version 6.4.1.Final
2024-01-08T11:59:57.686-05:00  INFO 92830 --- [Api] [    Test worker] o.h.c.internal.RegionFactoryInitiator    : HHH000026: Second-level cache disabled
2024-01-08T11:59:57.937-05:00  INFO 92830 --- [Api] [    Test worker] o.s.o.j.p.SpringPersistenceUnitInfo      : No LoadTimeWeaver setup: ignoring JPA class transformer
2024-01-08T11:59:57.986-05:00  WARN 92830 --- [Api] [    Test worker] org.hibernate.orm.deprecation            : HHH90000025: H2Dialect does not need to be specified explicitly using 'hibernate.dialect' (remove the property setting and it will be selected by default)
2024-01-08T11:59:58.823-05:00  INFO 92830 --- [Api] [    Test worker] o.h.e.t.j.p.i.JtaPlatformInitiator       : HHH000489: No JTA platform available (set 'hibernate.transaction.jta.platform' to enable JTA platform integration)
2024-01-08T11:59:58.848-05:00  INFO 92830 --- [Api] [    Test worker] j.LocalContainerEntityManagerFactoryBean : Initialized JPA EntityManagerFactory for persistence unit 'default'
2024-01-08T11:59:59.235-05:00  WARN 92830 --- [Api] [    Test worker] JpaBaseConfiguration$JpaWebConfiguration : spring.jpa.open-in-view is enabled by default. Therefore, database queries may be performed during view rendering. Explicitly configure spring.jpa.open-in-view to disable this warning
2024-01-08T11:59:59.729-05:00  INFO 92830 --- [Api] [    Test worker] o.s.b.a.h2.H2ConsoleAutoConfiguration    : H2 console available at '/h2'. Database available at 'jdbc:h2:mem:test'
2024-01-08T11:59:59.789-05:00  INFO 92830 --- [Api] [    Test worker] com.test.buy.api.ApiApplicationTests     : Started ApiApplicationTests in 4.015 seconds (process running for 5.117)
]]></system-out>
  <system-err><![CDATA[]]></system-err>
</testsuite>
