<?xml version="1.0" encoding="UTF-8"?>
<testsuite name="com.test.buy.api.infrastructure.adapter.in.rest.PriceRestAdapterTest" tests="9" skipped="0" failures="0" errors="0" timestamp="2024-01-08T17:00:01" hostname="LULO-C02ZN75RMD6P.local" time="0.596">
  <properties/>
  <testcase name="queryPriceTest1()" classname="com.test.buy.api.infrastructure.adapter.in.rest.PriceRestAdapterTest" time="0.472"/>
  <testcase name="queryPriceTest2()" classname="com.test.buy.api.infrastructure.adapter.in.rest.PriceRestAdapterTest" time="0.015"/>
  <testcase name="queryPriceTest3()" classname="com.test.buy.api.infrastructure.adapter.in.rest.PriceRestAdapterTest" time="0.013"/>
  <testcase name="queryPriceTest4()" classname="com.test.buy.api.infrastructure.adapter.in.rest.PriceRestAdapterTest" time="0.014"/>
  <testcase name="queryPriceTest5()" classname="com.test.buy.api.infrastructure.adapter.in.rest.PriceRestAdapterTest" time="0.015"/>
  <testcase name="queryPriceTestWhenErrorURL()" classname="com.test.buy.api.infrastructure.adapter.in.rest.PriceRestAdapterTest" time="0.016"/>
  <testcase name="queryPriceWhenOutRange()" classname="com.test.buy.api.infrastructure.adapter.in.rest.PriceRestAdapterTest" time="0.014"/>
  <testcase name="queryPriceTestWhenProcessDateMalFormat()" classname="com.test.buy.api.infrastructure.adapter.in.rest.PriceRestAdapterTest" time="0.016"/>
  <testcase name="queryPriceTestWhenInputRequired()" classname="com.test.buy.api.infrastructure.adapter.in.rest.PriceRestAdapterTest" time="0.012"/>
  <system-out><![CDATA[2024-01-08T12:00:00.317-05:00  INFO 92830 --- [Api] [    Test worker] t.c.s.AnnotationConfigContextLoaderUtils : Could not detect default configuration classes for test class [com.test.buy.api.infrastructure.adapter.in.rest.PriceRestAdapterTest]: PriceRestAdapterTest does not declare any static, non-private, non-final, nested classes annotated with @Configuration.
2024-01-08T12:00:00.345-05:00  INFO 92830 --- [Api] [    Test worker] .b.t.c.SpringBootTestContextBootstrapper : Found @SpringBootConfiguration com.test.buy.api.ApiApplication for test class com.test.buy.api.infrastructure.adapter.in.rest.PriceRestAdapterTest

  .   ____          _            __ _ _
 /\\ / ___'_ __ _ _(_)_ __  __ _ \ \ \ \
( ( )\___ | '_ | '_| | '_ \/ _` | \ \ \ \
 \\/  ___)| |_)| | | | | || (_| |  ) ) ) )
  '  |____| .__|_| |_|_| |_\__, | / / / /
 =========|_|==============|___/=/_/_/_/
 :: Spring Boot ::                (v3.2.1)

2024-01-08T12:00:00.379-05:00  INFO 92830 --- [Api] [    Test worker] c.t.b.a.i.a.i.rest.PriceRestAdapterTest  : Starting PriceRestAdapterTest using Java 17.0.7 with PID 92830 (started by jborja in /Users/jborja/Downloads/api)
2024-01-08T12:00:00.380-05:00  INFO 92830 --- [Api] [    Test worker] c.t.b.a.i.a.i.rest.PriceRestAdapterTest  : No active profile set, falling back to 1 default profile: "default"
2024-01-08T12:00:00.537-05:00  INFO 92830 --- [Api] [    Test worker] .s.d.r.c.RepositoryConfigurationDelegate : Bootstrapping Spring Data JPA repositories in DEFAULT mode.
2024-01-08T12:00:00.553-05:00  INFO 92830 --- [Api] [    Test worker] .s.d.r.c.RepositoryConfigurationDelegate : Finished Spring Data repository scanning in 16 ms. Found 1 JPA repository interface.
2024-01-08T12:00:00.734-05:00  INFO 92830 --- [Api] [    Test worker] o.s.b.w.embedded.tomcat.TomcatWebServer  : Tomcat initialized with port 0 (http)
2024-01-08T12:00:00.748-05:00  INFO 92830 --- [Api] [    Test worker] o.apache.catalina.core.StandardService   : Starting service [Tomcat]
2024-01-08T12:00:00.749-05:00  INFO 92830 --- [Api] [    Test worker] o.apache.catalina.core.StandardEngine    : Starting Servlet engine: [Apache Tomcat/10.1.17]
2024-01-08T12:00:00.817-05:00  INFO 92830 --- [Api] [    Test worker] o.a.c.c.C.[Tomcat].[localhost].[/]       : Initializing Spring embedded WebApplicationContext
2024-01-08T12:00:00.819-05:00  INFO 92830 --- [Api] [    Test worker] w.s.c.ServletWebServerApplicationContext : Root WebApplicationContext: initialization completed in 437 ms
2024-01-08T12:00:00.835-05:00  INFO 92830 --- [Api] [    Test worker] com.zaxxer.hikari.HikariDataSource       : HikariPool-2 - Starting...
2024-01-08T12:00:00.836-05:00  INFO 92830 --- [Api] [    Test worker] com.zaxxer.hikari.pool.HikariPool        : HikariPool-2 - Added connection conn10: url=jdbc:h2:mem:test user=SA
2024-01-08T12:00:00.836-05:00  INFO 92830 --- [Api] [    Test worker] com.zaxxer.hikari.HikariDataSource       : HikariPool-2 - Start completed.
2024-01-08T12:00:00.837-05:00  INFO 92830 --- [Api] [    Test worker] o.s.b.a.h2.H2ConsoleAutoConfiguration    : H2 console available at '/h2'. Database available at 'jdbc:h2:mem:test'
2024-01-08T12:00:00.909-05:00  INFO 92830 --- [Api] [    Test worker] o.hibernate.jpa.internal.util.LogHelper  : HHH000204: Processing PersistenceUnitInfo [name: default]
2024-01-08T12:00:00.912-05:00  INFO 92830 --- [Api] [    Test worker] o.h.c.internal.RegionFactoryInitiator    : HHH000026: Second-level cache disabled
2024-01-08T12:00:00.915-05:00  INFO 92830 --- [Api] [    Test worker] o.s.o.j.p.SpringPersistenceUnitInfo      : No LoadTimeWeaver setup: ignoring JPA class transformer
2024-01-08T12:00:00.916-05:00  WARN 92830 --- [Api] [    Test worker] org.hibernate.orm.deprecation            : HHH90000025: H2Dialect does not need to be specified explicitly using 'hibernate.dialect' (remove the property setting and it will be selected by default)
2024-01-08T12:00:00.953-05:00  INFO 92830 --- [Api] [    Test worker] o.h.e.t.j.p.i.JtaPlatformInitiator       : HHH000489: No JTA platform available (set 'hibernate.transaction.jta.platform' to enable JTA platform integration)
2024-01-08T12:00:00.956-05:00  INFO 92830 --- [Api] [    Test worker] j.LocalContainerEntityManagerFactoryBean : Initialized JPA EntityManagerFactory for persistence unit 'default'
2024-01-08T12:00:01.031-05:00  WARN 92830 --- [Api] [    Test worker] JpaBaseConfiguration$JpaWebConfiguration : spring.jpa.open-in-view is enabled by default. Therefore, database queries may be performed during view rendering. Explicitly configure spring.jpa.open-in-view to disable this warning
2024-01-08T12:00:01.189-05:00  INFO 92830 --- [Api] [    Test worker] o.s.b.w.embedded.tomcat.TomcatWebServer  : Tomcat started on port 52841 (http) with context path ''
2024-01-08T12:00:01.193-05:00  INFO 92830 --- [Api] [    Test worker] c.t.b.a.i.a.i.rest.PriceRestAdapterTest  : Started PriceRestAdapterTest in 0.844 seconds (process running for 6.521)
2024-01-08T12:00:01.316-05:00  INFO 92830 --- [Api] [o-auto-1-exec-1] o.a.c.c.C.[Tomcat].[localhost].[/]       : Initializing Spring DispatcherServlet 'dispatcherServlet'
2024-01-08T12:00:01.316-05:00  INFO 92830 --- [Api] [o-auto-1-exec-1] o.s.web.servlet.DispatcherServlet        : Initializing Servlet 'dispatcherServlet'
2024-01-08T12:00:01.318-05:00  INFO 92830 --- [Api] [o-auto-1-exec-1] o.s.web.servlet.DispatcherServlet        : Completed initialization in 1 ms
2024-01-08T12:00:01.740-05:00  WARN 92830 --- [Api] [o-auto-1-exec-6] o.s.web.servlet.PageNotFound             : No mapping for GET /price/error-url
]]></system-out>
  <system-err><![CDATA[]]></system-err>
</testsuite>
